<?xml version="1.0" encoding="utf-8"?><testsuites name="pytest tests"><testsuite name="pytest" errors="0" failures="0" skipped="0" tests="28" time="3.427" timestamp="2026-05-14T21:16:41.845889+00:00" hostname="agent-env-c0f48fba-add9-424b-b579-c07cdeba939e"><testcase classname="backend.tests.test_jlt_api" name="test_root_product_count" time="0.168" /><testcase classname="backend.tests.test_jlt_api" name="test_products_list_default" time="0.076" /><testcase classname="backend.tests.test_jlt_api" name="test_products_filters[params0]" time="0.074" /><testcase classname="backend.tests.test_jlt_api" name="test_products_filters[params1]" time="0.077" /><testcase classname="backend.tests.test_jlt_api" name="test_products_filters[params2]" time="0.074" /><testcase classname="backend.tests.test_jlt_api" name="test_products_filters[params3]" time="0.076" /><testcase classname="backend.tests.test_jlt_api" name="test_products_filters[params4]" time="0.074" /><testcase classname="backend.tests.test_jlt_api" name="test_products_filters[params5]" time="0.076" /><testcase classname="backend.tests.test_jlt_api" name="test_products_filters[params6]" time="0.074" /><testcase classname="backend.tests.test_jlt_api" name="test_products_filters[params7]" time="0.072" /><testcase classname="backend.tests.test_jlt_api" name="test_products_filters[params8]" time="0.079" /><testcase classname="backend.tests.test_jlt_api" name="test_products_filters[params9]" time="0.067" /><testcase classname="backend.tests.test_jlt_api" name="test_products_filters[params10]" time="0.071" /><testcase classname="backend.tests.test_jlt_api" name="test_products_filters[params11]" time="0.078" /><testcase classname="backend.tests.test_jlt_api" name="test_products_filter_meta" time="0.066" /><testcase classname="backend.tests.test_jlt_api" name="test_bestsellers" time="0.066" /><testcase classname="backend.tests.test_jlt_api" name="test_get_product_detail_and_related" time="0.136" /><testcase classname="backend.tests.test_jlt_api" name="test_get_product_404" time="0.059" /><testcase classname="backend.tests.test_jlt_api" name="test_quiz_recommend" time="0.061" /><testcase classname="backend.tests.test_jlt_api" name="test_discovery_sets" time="0.056" /><testcase classname="backend.tests.test_jlt_api" name="test_contact" time="0.073" /><testcase classname="backend.tests.test_jlt_api" name="test_reviews_get_and_post" time="0.258" /><testcase classname="backend.tests.test_jlt_api" name="test_login_invalid" time="0.279" /><testcase classname="backend.tests.test_jlt_api" name="test_login_success_and_me" time="0.342" /><testcase classname="backend.tests.test_jlt_api" name="test_me_requires_token" time="0.060" /><testcase classname="backend.tests.test_jlt_api" name="test_admin_crud_product" time="0.392" /><testcase classname="backend.tests.test_jlt_api" name="test_admin_requires_token" time="0.055" /><testcase classname="backend.tests.test_jlt_api" name="test_csv_import" time="0.303" /></testsuite></testsuites>